[debug] [2024-01-13T12:47:19.083Z] ----------------------------------------------------------------------
[debug] [2024-01-13T12:47:19.086Z] Command:       C:\Program Files\nodejs\node.exe C:\Users\atanu\AppData\Roaming\npm\node_modules\firebase-tools\lib\bin\firebase.js init
[debug] [2024-01-13T12:47:19.086Z] CLI Version:   13.0.3
[debug] [2024-01-13T12:47:19.086Z] Platform:      win32
[debug] [2024-01-13T12:47:19.086Z] Node Version:  v20.11.0
[debug] [2024-01-13T12:47:19.086Z] Time:          Sat Jan 13 2024 18:17:19 GMT+0530 (India Standard Time)
[debug] [2024-01-13T12:47:19.087Z] ----------------------------------------------------------------------
[debug] 
[debug] [2024-01-13T12:47:19.154Z] > command requires scopes: ["email","openid","https://www.googleapis.com/auth/cloudplatformprojects.readonly","https://www.googleapis.com/auth/firebase","https://www.googleapis.com/auth/cloud-platform"]
[debug] [2024-01-13T12:47:19.154Z] > authorizing via signed-in user (atanudhara.geo@gmail.com)
[info] 
     ######## #### ########  ######## ########     ###     ######  ########
     ##        ##  ##     ## ##       ##     ##  ##   ##  ##       ##
     ######    ##  ########  ######   ########  #########  ######  ######
     ##        ##  ##    ##  ##       ##     ## ##     ##       ## ##
     ##       #### ##     ## ######## ########  ##     ##  ######  ########

You're about to initialize a Firebase project in this directory:

  E:\GIS Devolop(AT)\New one

Before we get started, keep in mind:

  * You are initializing within an existing Firebase project directory

[info] 
=== Project Setup
[info] 
[info] First, let's associate this project directory with a Firebase project.
[info] You can create multiple project aliases by running firebase use --add, 
[info] but for now we'll just set up a default project.
[info] 
[debug] [2024-01-13T12:47:24.892Z] Using project from CLI flag: photoapp-c26f6
[debug] [2024-01-13T12:47:24.894Z] >>> [apiv2][query] GET https://firebase.googleapis.com/v1beta1/projects/photoapp-c26f6 [none]
[debug] [2024-01-13T12:47:25.562Z] <<< [apiv2][status] GET https://firebase.googleapis.com/v1beta1/projects/photoapp-c26f6 200
[debug] [2024-01-13T12:47:25.563Z] <<< [apiv2][body] GET https://firebase.googleapis.com/v1beta1/projects/photoapp-c26f6 {"projectId":"photoapp-c26f6","projectNumber":"182172651984","displayName":"photoapp","name":"projects/photoapp-c26f6","resources":{"hostingSite":"photoapp-c26f6","realtimeDatabaseInstance":"photoapp-c26f6-default-rtdb","storageBucket":"photoapp-c26f6.appspot.com","locationId":"asia-northeast3"},"state":"ACTIVE","etag":"1_a4f699b1-350a-40c4-9e02-fdcdb053923c"}
[info] i  Using project photoapp-c26f6 (photoapp) 
[info] 
=== Hosting Setup
[debug] [2024-01-13T12:47:25.572Z] >>> [apiv2][query] GET https://firebase.googleapis.com/v1beta1/projects/photoapp-c26f6 [none]
[debug] [2024-01-13T12:47:26.101Z] <<< [apiv2][status] GET https://firebase.googleapis.com/v1beta1/projects/photoapp-c26f6 200
[debug] [2024-01-13T12:47:26.102Z] <<< [apiv2][body] GET https://firebase.googleapis.com/v1beta1/projects/photoapp-c26f6 {"projectId":"photoapp-c26f6","projectNumber":"182172651984","displayName":"photoapp","name":"projects/photoapp-c26f6","resources":{"hostingSite":"photoapp-c26f6","realtimeDatabaseInstance":"photoapp-c26f6-default-rtdb","storageBucket":"photoapp-c26f6.appspot.com","locationId":"asia-northeast3"},"state":"ACTIVE","etag":"1_a4f699b1-350a-40c4-9e02-fdcdb053923c"}
[info] 
[info] Your public directory is the folder (relative to your project directory) that
[info] will contain Hosting assets to be uploaded with firebase deploy. If you
[info] have a build process for your assets, use your build's output directory.
[info] 
